[debug] [2024-11-16T10:43:13.918Z] ----------------------------------------------------------------------
[debug] [2024-11-16T10:43:13.920Z] Command:       /opt/homebrew/Cellar/node/22.0.0/bin/node /opt/homebrew/bin/firebase init
[debug] [2024-11-16T10:43:13.920Z] CLI Version:   13.25.0
[debug] [2024-11-16T10:43:13.921Z] Platform:      darwin
[debug] [2024-11-16T10:43:13.921Z] Node Version:  v22.0.0
[debug] [2024-11-16T10:43:13.921Z] Time:          Sat Nov 16 2024 16:13:13 GMT+0530 (India Standard Time)
[debug] [2024-11-16T10:43:13.921Z] ----------------------------------------------------------------------
[debug] 
[debug] [2024-11-16T10:43:13.928Z] > command requires scopes: ["email","openid","https://www.googleapis.com/auth/cloudplatformprojects.readonly","https://www.googleapis.com/auth/firebase","https://www.googleapis.com/auth/cloud-platform"]
[debug] [2024-11-16T10:43:13.928Z] > authorizing via signed-in user (academicaccforyatra@gmail.com)
[info] 
     ######## #### ########  ######## ########     ###     ######  ########
     ##        ##  ##     ## ##       ##     ##  ##   ##  ##       ##
     ######    ##  ########  ######   ########  #########  ######  ######
     ##        ##  ##    ##  ##       ##     ## ##     ##       ## ##
     ##       #### ##     ## ######## ########  ##     ##  ######  ########

You're about to initialize a Firebase project in this directory:

  /Users/yatravaghasia/Desktop/Semester VII/Book Recommendation Project/blog-tutorial-fs

[info] 
=== Project Setup
[info] 
[info] First, let's associate this project directory with a Firebase project.
[info] You can create multiple project aliases by running firebase use --add, 
[info] but for now we'll just set up a default project.
[info] 
[debug] [2024-11-16T10:44:11.988Z] Checked if tokens are valid: true, expires at: 1731757377172
[debug] [2024-11-16T10:44:11.989Z] Checked if tokens are valid: true, expires at: 1731757377172
[debug] [2024-11-16T10:44:11.992Z] >>> [apiv2][query] GET https://firebase.googleapis.com/v1beta1/projects pageSize=100
[debug] [2024-11-16T10:44:12.970Z] <<< [apiv2][status] GET https://firebase.googleapis.com/v1beta1/projects 200
[debug] [2024-11-16T10:44:12.970Z] <<< [apiv2][body] GET https://firebase.googleapis.com/v1beta1/projects [omitted]
[info] i  Using project bookblogproject-fdf3c (bookblogproject) 
[info] 
=== Hosting Setup
[debug] [2024-11-16T10:44:22.934Z] Checked if tokens are valid: true, expires at: 1731757377172
[debug] [2024-11-16T10:44:22.934Z] Checked if tokens are valid: true, expires at: 1731757377172
[debug] [2024-11-16T10:44:22.934Z] >>> [apiv2][query] GET https://firebase.googleapis.com/v1beta1/projects/bookblogproject-fdf3c [none]
[debug] [2024-11-16T10:44:23.537Z] <<< [apiv2][status] GET https://firebase.googleapis.com/v1beta1/projects/bookblogproject-fdf3c 200
[debug] [2024-11-16T10:44:23.538Z] <<< [apiv2][body] GET https://firebase.googleapis.com/v1beta1/projects/bookblogproject-fdf3c {"projectId":"bookblogproject-fdf3c","projectNumber":"594072594443","displayName":"bookblogproject","name":"projects/bookblogproject-fdf3c","resources":{"hostingSite":"bookblogproject-fdf3c"},"state":"ACTIVE","etag":"1_c95a33d3-5402-42b0-94b2-afbe1532ea73"}
[info] 
[info] Your public directory is the folder (relative to your project directory) that
[info] will contain Hosting assets to be uploaded with firebase deploy. If you
[info] have a build process for your assets, use your build's output directory.
[info] 
[info] ✔  Wrote public/404.html 
[debug] [2024-11-16T10:45:23.516Z] >>> [apiv2][query] GET https://www.gstatic.com/firebasejs/releases.json [none]
[debug] [2024-11-16T10:45:24.026Z] <<< [apiv2][status] GET https://www.gstatic.com/firebasejs/releases.json 200
[debug] [2024-11-16T10:45:24.026Z] <<< [apiv2][body] GET https://www.gstatic.com/firebasejs/releases.json {"current":{"version":"11.0.2","browserURL":"https://www.gstatic.com/firebasejs/11.0.2/firebase.js","packageURL":"https://www.gstatic.com/firebasejs/11.0.2/firebase.tgz"},"live":{"version":"11.0","browserURL":"https://www.gstatic.com/firebasejs/live/11.0/firebase.js","packageURL":"https://www.gstatic.com/firebasejs/live/11.0/firebase.tgz"},"components":{"analytics":"https://www.gstatic.com/firebasejs/11.0.2/firebase-analytics.js","app":"https://www.gstatic.com/firebasejs/11.0.2/firebase-app.js","app-check":"https://www.gstatic.com/firebasejs/11.0.2/firebase-app-check.js","auth":"https://www.gstatic.com/firebasejs/11.0.2/firebase-auth.js","auth/cordova":"https://www.gstatic.com/firebasejs/11.0.2/firebase-auth/cordova.js","auth/web-extension":"https://www.gstatic.com/firebasejs/11.0.2/firebase-auth/web-extension.js","functions":"https://www.gstatic.com/firebasejs/11.0.2/firebase-functions.js","firestore":"https://www.gstatic.com/firebasejs/11.0.2/firebase-firestore.js","firestore/lite":"https://www.gstatic.com/firebasejs/11.0.2/firebase-firestore/lite.js","installations":"https://www.gstatic.com/firebasejs/11.0.2/firebase-installations.js","storage":"https://www.gstatic.com/firebasejs/11.0.2/firebase-storage.js","performance":"https://www.gstatic.com/firebasejs/11.0.2/firebase-performance.js","remote-config":"https://www.gstatic.com/firebasejs/11.0.2/firebase-remote-config.js","messaging":"https://www.gstatic.com/firebasejs/11.0.2/firebase-messaging.js","messaging/sw":"https://www.gstatic.com/firebasejs/11.0.2/firebase-messaging/sw.js","database":"https://www.gstatic.com/firebasejs/11.0.2/firebase-database.js","vertexai":"https://www.gstatic.com/firebasejs/11.0.2/firebase-vertexai.js","data-connect":"https://www.gstatic.com/firebasejs/11.0.2/firebase-data-connect.js","firestore.memory":"https://www.gstatic.com/firebasejs/11.0.2/firebase-firestore.memory.js"}}
[info] i  Skipping write of public/index.html 
[info] 
[info] i  Detected a .git folder at /Users/yatravaghasia/Desktop/Semester VII/Book Recommendation Project/blog-tutorial-fs 
[info] i  Authorizing with GitHub to upload your service account to a GitHub repository's secrets store. 
[info] 
[info] Visit this URL on this device to log in:
[info] https://github.com/login/oauth/authorize?client_id=89cf50f02ac6aaed3484&state=907386175&redirect_uri=http%3A%2F%2Flocalhost%3A9005&scope=read%3Auser%20repo%20public_repo
[info] 
[info] Waiting for authentication...
[debug] [2024-11-16T10:47:22.144Z] >>> [apiv2][query] POST https://github.com/login/oauth/access_token [none]
[debug] [2024-11-16T10:47:22.147Z] >>> [apiv2][body] POST https://github.com/login/oauth/access_token [stream]
[debug] [2024-11-16T10:47:22.687Z] <<< [apiv2][status] POST https://github.com/login/oauth/access_token 200
[debug] [2024-11-16T10:47:22.688Z] <<< [apiv2][body] POST https://github.com/login/oauth/access_token {"access_token":"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","token_type":"bearer","scope":"read:user,repo"}
[debug] [2024-11-16T10:47:22.695Z] >>> [apiv2][query] GET https://api.github.com/user [none]
[debug] [2024-11-16T10:47:23.268Z] <<< [apiv2][status] GET https://api.github.com/user 200
[debug] [2024-11-16T10:47:23.268Z] <<< [apiv2][body] GET https://api.github.com/user {"login":"yatraavaghasia","id":113079616,"node_id":"U_kgDOBr11QA","avatar_url":"https://avatars.githubusercontent.com/u/113079616?v=4","gravatar_id":"","url":"https://api.github.com/users/yatraavaghasia","html_url":"https://github.com/yatraavaghasia","followers_url":"https://api.github.com/users/yatraavaghasia/followers","following_url":"https://api.github.com/users/yatraavaghasia/following{/other_user}","gists_url":"https://api.github.com/users/yatraavaghasia/gists{/gist_id}","starred_url":"https://api.github.com/users/yatraavaghasia/starred{/owner}{/repo}","subscriptions_url":"https://api.github.com/users/yatraavaghasia/subscriptions","organizations_url":"https://api.github.com/users/yatraavaghasia/orgs","repos_url":"https://api.github.com/users/yatraavaghasia/repos","events_url":"https://api.github.com/users/yatraavaghasia/events{/privacy}","received_events_url":"https://api.github.com/users/yatraavaghasia/received_events","type":"User","user_view_type":"private","site_admin":false,"name":null,"company":null,"blog":"","location":null,"email":null,"hireable":null,"bio":null,"twitter_username":null,"notification_email":null,"public_repos":18,"public_gists":0,"followers":3,"following":4,"created_at":"2022-09-08T02:57:39Z","updated_at":"2024-11-16T10:47:02Z","private_gists":0,"total_private_repos":1,"owned_private_repos":1,"disk_usage":693037,"collaborators":0,"two_factor_authentication":false,"plan":{"name":"free","space":976562499,"collaborators":0,"private_repos":10000}}
[info] 
[info] ✔  Success! Logged into GitHub as yatraavaghasia 
[info] 
